  MainComponent.cpp
  Main.cpp
  include_juce_audio_basics.cpp
  include_juce_audio_devices.cpp
C:\Program Files (x86)\Windows Kits\8.1\Include\um\winnt.h(31): fatal error C1083: Cannot open include file: 'ctype': No such file or directory (compiling source file ..\..\JuceLibraryCode\include_juce_audio_devices.cpp)
  include_juce_audio_formats.cpp
C:\Program Files (x86)\Windows Kits\8.1\Include\um\winnt.h(31): fatal error C1083: Cannot open include file: 'ctype': No such file or directory (compiling source file ..\..\JuceLibraryCode\include_juce_audio_formats.cpp)
  include_juce_audio_processors.cpp
C:\Program Files (x86)\Windows Kits\8.1\Include\um\winnt.h(31): fatal error C1083: Cannot open include file: 'ctype': No such file or directory (compiling source file ..\..\JuceLibraryCode\include_juce_audio_processors.cpp)
  include_juce_core.cpp
C:\Program Files (x86)\Windows Kits\8.1\Include\um\winnt.h(31): fatal error C1083: Cannot open include file: 'ctype': No such file or directory (compiling source file ..\..\JuceLibraryCode\include_juce_core.cpp)
  include_juce_cryptography.cpp
  include_juce_data_structures.cpp
  include_juce_events.cpp
..\..\Source\Main.cpp(27): warning C4100: 'commandLine': unreferenced formal parameter
..\..\Source\Main.cpp(49): warning C4100: 'commandLine': unreferenced formal parameter
C:\Program Files (x86)\Windows Kits\8.1\Include\um\winnt.h(31): fatal error C1083: Cannot open include file: 'ctype': No such file or directory (compiling source file ..\..\JuceLibraryCode\include_juce_events.cpp)
  include_juce_graphics.cpp
C:\Program Files (x86)\Windows Kits\8.1\Include\um\winnt.h(31): fatal error C1083: Cannot open include file: 'ctype': No such file or directory (compiling source file ..\..\JuceLibraryCode\include_juce_graphics.cpp)
  include_juce_gui_basics.cpp
C:\Program Files (x86)\Windows Kits\8.1\Include\um\winnt.h(31): fatal error C1083: Cannot open include file: 'ctype': No such file or directory (compiling source file ..\..\JuceLibraryCode\include_juce_gui_basics.cpp)
  include_juce_gui_extra.cpp
C:\Program Files (x86)\Windows Kits\8.1\Include\um\winnt.h(31): fatal error C1083: Cannot open include file: 'ctype': No such file or directory (compiling source file ..\..\JuceLibraryCode\include_juce_gui_extra.cpp)
  include_juce_opengl.cpp
C:\Program Files (x86)\Windows Kits\8.1\Include\um\winnt.h(31): fatal error C1083: Cannot open include file: 'ctype': No such file or directory (compiling source file ..\..\JuceLibraryCode\include_juce_opengl.cpp)
  include_juce_video.cpp
C:\Program Files (x86)\Windows Kits\8.1\Include\um\winnt.h(31): fatal error C1083: Cannot open include file: 'ctype': No such file or directory (compiling source file ..\..\JuceLibraryCode\include_juce_video.cpp)
